
2014-06-17 14:32:06
Old CherryFramework version: 1.2
Current CherryFramework version: 3.1
Force update: 0

Child theme: /home/content/97/9553797/html/wp-content/themes/primepress
Backup /home/content/97/9553797/html/wp-content/themes/primepress/archive.php
Replace 1 header|footer
Save /home/content/97/9553797/html/wp-content/themes/primepress/archive.php
Backup /home/content/97/9553797/html/wp-content/themes/primepress/category.php
Replace 1 header|footer
Save /home/content/97/9553797/html/wp-content/themes/primepress/category.php
Backup /home/content/97/9553797/html/wp-content/themes/primepress/index.php
Replace 1 header|footer
Save /home/content/97/9553797/html/wp-content/themes/primepress/index.php
Backup /home/content/97/9553797/html/wp-content/themes/primepress/page-home.php
Replace 1 header|footer
Save /home/content/97/9553797/html/wp-content/themes/primepress/page-home.php
Backup /home/content/97/9553797/html/wp-content/themes/primepress/page.php
Replace 1 header|footer
Save /home/content/97/9553797/html/wp-content/themes/primepress/page.php
Backup /home/content/97/9553797/html/wp-content/themes/primepress/single.php
Replace 1 header|footer
Save /home/content/97/9553797/html/wp-content/themes/primepress/single.php

Child theme: /home/content/97/9553797/html/wp-content/themes/primepress
Save /home/content/97/9553797/html/wp-content/themes/primepress/style.css
Save /home/content/97/9553797/html/wp-content/themes/primepress/static/static-slider.php
